MPASM 5.87                     MAIN_EXO1.ASM   11-15-2023  10:54:24         PAGE  1


LOC  OBJECT CODE     LINE SOURCE TEXT
  VALUE

                      00001 ;*******************************************************************************
                      00002 ;                                                                              *
                      00003 ;    Microchip licenses this software to you solely for use with Microchip     *
                      00004 ;    products. The software is owned by Microchip and/or its licensors, and is *
                      00005 ;    protected under applicable copyright laws.  All rights reserved.          *
                      00006 ;                                                                              *
                      00007 ;    This software and any accompanying information is for suggestion only.    *
                      00008 ;    It shall not be deemed to modify Microchip?s standard warranty for its    *
                      00009 ;    products.  It is your responsibility to ensure that this software meets   *
                      00010 ;    your requirements.                                                        *
                      00011 ;                                                                              *
                      00012 ;    SOFTWARE IS PROVIDED "AS IS".  MICROCHIP AND ITS LICENSORS EXPRESSLY      *
                      00013 ;    DISCLAIM ANY WARRANTY OF ANY KIND, WHETHER EXPRESS OR IMPLIED, INCLUDING  *
                      00014 ;    BUT NOT LIMITED TO, THE IMPLIED WARRANTIES OF MERCHANTABILITY, FITNESS    *
                      00015 ;    FOR A PARTICULAR PURPOSE, OR NON-INFRINGEMENT. IN NO EVENT SHALL          *
                      00016 ;    MICROCHIP OR ITS LICENSORS BE LIABLE FOR ANY INCIDENTAL, SPECIAL,         *
                      00017 ;    INDIRECT OR CONSEQUENTIAL DAMAGES, LOST PROFITS OR LOST DATA, HARM TO     *
                      00018 ;    YOUR EQUIPMENT, COST OF PROCUREMENT OF SUBSTITUTE GOODS, TECHNOLOGY OR    *
                      00019 ;    SERVICES, ANY CLAIMS BY THIRD PARTIES (INCLUDING BUT NOT LIMITED TO ANY   *
                      00020 ;    DEFENSE THEREOF), ANY CLAIMS FOR INDEMNITY OR CONTRIBUTION, OR OTHER      *
                      00021 ;    SIMILAR COSTS.                                                            *
                      00022 ;                                                                              *
                      00023 ;    To the fullest extend allowed by law, Microchip and its licensors         *
                      00024 ;    liability shall not exceed the amount of fee, if any, that you have paid  *
                      00025 ;    directly to Microchip to use this software.                               *
                      00026 ;                                                                              *
                      00027 ;    MICROCHIP PROVIDES THIS SOFTWARE CONDITIONALLY UPON YOUR ACCEPTANCE OF    *
                      00028 ;    THESE TERMS.                                                              *
                      00029 ;                                                                              *
                      00030 ;*******************************************************************************
                      00031 ;                                                                              *
                      00032 ;    Filename:                                                                 *
                      00033 ;    Date:                                                                     *
                      00034 ;    File Version:                                                             *
                      00035 ;    Author:                                                                   *
                      00036 ;    Company:                                                                  *
                      00037 ;    Description:                                                              *
                      00038 ;                                                                              *
                      00039 ;*******************************************************************************
                      00040 ;                                                                              *
                      00041 ;    Notes: In the MPLAB X Help, refer to the MPASM Assembler documentation    *
                      00042 ;    for information on assembly instructions.                                 *
                      00043 ;                                                                              *
                      00044 ;*******************************************************************************
                      00045 ;                                                                              *
                      00046 ;    Known Issues: This template is designed for relocatable code.  As such,   *
                      00047 ;    build errors such as "Directive only allowed when generating an object    *
                      00048 ;    file" will result when the 'Build in Absolute Mode' checkbox is selected  *
                      00049 ;    in the project properties.  Designing code in absolute mode is            *
                      00050 ;    antiquated - use relocatable mode.                                        *
                      00051 ;                                                                              *
                      00052 ;*******************************************************************************
                      00053 ;                                                                              *
MPASM 5.87                     MAIN_EXO1.ASM   11-15-2023  10:54:24         PAGE  2


LOC  OBJECT CODE     LINE SOURCE TEXT
  VALUE

                      00054 ;    Revision History:                                                         *
                      00055 ;                                                                              *
                      00056 ;*******************************************************************************
                      00057 
                      00058 
                      00059 
                      00060 ;*******************************************************************************
                      00061 ; Processor Inclusion
                      00062 ;
                      00063 ; TODO Step #1 Open the task list under Window > Tasks.  Include your
                      00064 ; device .inc file - e.g. #include <device_name>.inc.  Available
                      00065 ; include files are in C:\Program Files\Microchip\MPLABX\mpasmx
                      00066 ; assuming the default installation path for MPLAB X.  You may manually find
                      00067 ; the appropriate include file for your device here and include it, or
                      00068 ; simply copy the include generated by the configuration bits
                      00069 ; generator (see Step #2).
                      00070 ;
                      00071 ;*******************************************************************************
                      00072 
                      00073 ; #include "p18F23K20.inc"
                      00074 
                      00075 ;*******************************************************************************
                      00076 ;
                      00077 ; TODO Step #2 - Configuration Word Setup
                      00078 ;
                      00079 ; The 'CONFIG' directive is used to embed the configuration word within the
                      00080 ; .asm file. MPLAB X requires users to embed their configuration words
                      00081 ; into source code.  See the device datasheet for additional information
                      00082 ; on configuration word settings.  Device configuration bits descriptions
                      00083 ; are in C:\Program Files\Microchip\MPLABX\mpasmx\P<device_name>.inc
                      00084 ; (may change depending on your MPLAB X installation directory).
                      00085 ;
                      00086 ; MPLAB X has a feature which generates configuration bits source code.  Go to
                      00087 ; Window > PIC Memory Views > Configuration Bits.  Configure each field as
                      00088 ; needed and select 'Generate Source Code to Output'.  The resulting code which
                      00089 ; appears in the 'Output Window' > 'Config Bits Source' tab may be copied
                      00090 ; below.
                      00091 ;
                      00092 ;*******************************************************************************
                      00093 
                      00094 ; TODO INSERT CONFIG HERE
                      00095 
                      00096 ;*******************************************************************************
                      00097 ;
                      00098 ; TODO Step #3 - Variable Definitions
                      00099 ;
                      00100 ; Refer to datasheet for available data memory (RAM) organization assuming
                      00101 ; relocatible code organization (which is an option in project
                      00102 ; properties > mpasm (Global Options)).  Absolute mode generally should
                      00103 ; be used sparingly.
                      00104 ;
                      00105 ; Example of using GPR Uninitialized Data
                      00106 ;
MPASM 5.87                     MAIN_EXO1.ASM   11-15-2023  10:54:24         PAGE  3


LOC  OBJECT CODE     LINE SOURCE TEXT
  VALUE

                      00107 ;   GPR_VAR        UDATA
                      00108 ;   MYVAR1         RES        1      ; User variable linker places
                      00109 ;   MYVAR2         RES        1      ; User variable linker places
                      00110 ;   MYVAR3         RES        1      ; User variable linker places
                      00111 ;
                      00112 ;   ; Example of using Access Uninitialized Data Section (when available)
                      00113 ;   ; The variables for the context saving in the device datasheet may need
                      00114 ;   ; memory reserved here.
                      00115 ;   INT_VAR        UDATA_ACS
                      00116 ;   W_TEMP         RES        1      ; w register for context saving (ACCESS)
                      00117 ;   STATUS_TEMP    RES        1      ; status used for context saving
                      00118 ;   BSR_TEMP       RES        1      ; bank select used for ISR context saving
                      00119 ;
                      00120 ;*******************************************************************************
                      00121 
                      00122 ; TODO PLACE VARIABLE DEFINITIONS GO HERE
                      00123 
                      00124 var UDATA   0x100                   ;
000100                00125 cpt         RES     1               ; déclaration "nom" "réserver" "nombre de cases mémoire"
                      00126 
                      00127 ;*******************************************************************************
                      00128 ; Reset Vector
                      00129 ;*******************************************************************************
                      00130 
                      00131 RES_VECT  CODE    0x0000            ; processor reset vector
000000 EF?? F???      00132     GOTO    DEBUT                   ; go to beginning of program
                      00133 
                      00134 ;*******************************************************************************
                      00135 ; TODO Step #4 - Interrupt Service Routines
                      00136 ;
                      00137 ; There are a few different ways to structure interrupt routines in the 8
                      00138 ; bit device families.  On PIC18's the high priority and low priority
                      00139 ; interrupts are located at 0x0008 and 0x0018, respectively.  On PIC16's and
                      00140 ; lower the interrupt is at 0x0004.  Between device families there is subtle
                      00141 ; variation in the both the hardware supporting the ISR (for restoring
                      00142 ; interrupt context) as well as the software used to restore the context
                      00143 ; (without corrupting the STATUS bits).
                      00144 ;
                      00145 ; General formats are shown below in relocatible format.
                      00146 ;
                      00147 ;------------------------------PIC16's and below--------------------------------
                      00148 ;
                      00149 ; ISR       CODE    0x0004           ; interrupt vector location
                      00150 ;
                      00151 ;     <Search the device datasheet for 'context' and copy interrupt
                      00152 ;     context saving code here.  Older devices need context saving code,
                      00153 ;     but newer devices like the 16F#### don't need context saving code.>
                      00154 ;
                      00155 ;     RETFIE
                      00156 ;
                      00157 ;----------------------------------PIC18's--------------------------------------
                      00158 ;
                      00159 ; ISRHV     CODE    0x0008
MPASM 5.87                     MAIN_EXO1.ASM   11-15-2023  10:54:24         PAGE  4


LOC  OBJECT CODE     LINE SOURCE TEXT
  VALUE

                      00160 ;     GOTO    HIGH_ISR
                      00161 ; ISRLV     CODE    0x0018
                      00162 ;     GOTO    LOW_ISR
                      00163 ;
                      00164 ; ISRH      CODE                     ; let linker place high ISR routine
                      00165 ; HIGH_ISR
                      00166 ;     <Insert High Priority ISR Here - no SW context saving>
                      00167 ;     RETFIE  FAST
                      00168 ;
                      00169 ; ISRL      CODE                     ; let linker place low ISR routine
                      00170 ; LOW_ISR
                      00171 ;       <Search the device datasheet for 'context' and copy interrupt
                      00172 ;       context saving code here>
                      00173 ;     RETFIE
                      00174 ;
                      00175 ;*******************************************************************************
                      00176 
                      00177 ; TODO INSERT ISR HERE
                      00178 
                      00179 ;*******************************************************************************
                      00180 ; MAIN PROGRAM
                      00181 ;*******************************************************************************
                      00182 
                      00183 MAIN_PROG CODE                      ; let linker place main program
                      00184 
000000                00185 DEBUT
                      00186 
                      00187     ; TODO Step #5 - Insert Your Program Here
                      00188 
000000 0E55           00189     MOVLW 0x55                      ; your instructions
                      00190 
000002 0E00           00191     MOVLW   0x00                    ; charger le répertoire de travail avec la valeur 0
000004 0101           00192     MOVLB   0x01                    ; selectionne la banque 1
000006 6F00           00193     MOVWF   cpt,1                   ; transfere de WREG vers cpt
                      00194 
                      00195     
000008                00196 ADDITION
000008 2B00           00197     INCF    cpt,1,1                 ; incrémenter le compteur de 1
                      00198 
00000A 0E0A           00199     MOVLW   0x0A                    ; charger le répertoire de travail avec la valeur 9
00000C 6300           00200     CPFSEQ  cpt,1                   ; tester l'égalité, si l'égalité est vrai alors on saute la prochain
                            e instruction si c'est faux, on éxecute tout
                      00201     
00000E EF?? F???      00202     GOTO    ADDITION                ; jump à la fonction ADDITION
000012 6B00           00203     CLRF    cpt,1                   ; reset cpt à 0
000014 EF?? F???      00204     GOTO    ADDITION                ; jump à la fonction ADDITION
                      00205     
000018 EF?? F???      00206     GOTO $                          ; loop forever
                      00207 
                      00208     END
MPASM 5.87                     MAIN_EXO1.ASM   11-15-2023  10:54:24         PAGE  5


SYMBOL TABLE
  LABEL                             VALUE 

ADDITION                          00000008
DEBUT                             00000000
_MAIN_PROG_0018                   00000018
__18F23K20                        00000001
cpt                               00000100

Errors   :     0
Warnings :     0 reported,     0 suppressed
Messages :     0 reported,     0 suppressed

