MPASM 5.87                      MAIN_TD2.ASM   11-28-2023  11:33:32         PAGE  1


LOC  OBJECT CODE     LINE SOURCE TEXT
  VALUE

                      00001 ;*******************************************************************************
                      00002 ;                                                                              *
                      00003 ;    Microchip licenses this software to you solely for use with Microchip     *
                      00004 ;    products. The software is owned by Microchip and/or its licensors, and is *
                      00005 ;    protected under applicable copyright laws.  All rights reserved.          *
                      00006 ;                                                                              *
                      00007 ;    This software and any accompanying information is for suggestion only.    *
                      00008 ;    It shall not be deemed to modify Microchip?s standard warranty for its    *
                      00009 ;    products.  It is your responsibility to ensure that this software meets   *
                      00010 ;    your requirements.                                                        *
                      00011 ;                                                                              *
                      00012 ;    SOFTWARE IS PROVIDED "AS IS".  MICROCHIP AND ITS LICENSORS EXPRESSLY      *
                      00013 ;    DISCLAIM ANY WARRANTY OF ANY KIND, WHETHER EXPRESS OR IMPLIED, INCLUDING  *
                      00014 ;    BUT NOT LIMITED TO, THE IMPLIED WARRANTIES OF MERCHANTABILITY, FITNESS    *
                      00015 ;    FOR A PARTICULAR PURPOSE, OR NON-INFRINGEMENT. IN NO EVENT SHALL          *
                      00016 ;    MICROCHIP OR ITS LICENSORS BE LIABLE FOR ANY INCIDENTAL, SPECIAL,         *
                      00017 ;    INDIRECT OR CONSEQUENTIAL DAMAGES, LOST PROFITS OR LOST DATA, HARM TO     *
                      00018 ;    YOUR EQUIPMENT, COST OF PROCUREMENT OF SUBSTITUTE GOODS, TECHNOLOGY OR    *
                      00019 ;    SERVICES, ANY CLAIMS BY THIRD PARTIES (INCLUDING BUT NOT LIMITED TO ANY   *
                      00020 ;    DEFENSE THEREOF), ANY CLAIMS FOR INDEMNITY OR CONTRIBUTION, OR OTHER      *
                      00021 ;    SIMILAR COSTS.                                                            *
                      00022 ;                                                                              *
                      00023 ;    To the fullest extend allowed by law, Microchip and its licensors         *
                      00024 ;    liability shall not exceed the amount of fee, if any, that you have paid  *
                      00025 ;    directly to Microchip to use this software.                               *
                      00026 ;                                                                              *
                      00027 ;    MICROCHIP PROVIDES THIS SOFTWARE CONDITIONALLY UPON YOUR ACCEPTANCE OF    *
                      00028 ;    THESE TERMS.                                                              *
                      00029 ;                                                                              *
                      00030 ;*******************************************************************************
                      00031 ;                                                                              *
                      00032 ;    Filename:                                                                 *
                      00033 ;    Date:                                                                     *
                      00034 ;    File Version:                                                             *
                      00035 ;    Author:                                                                   *
                      00036 ;    Company:                                                                  *
                      00037 ;    Description:                                                              *
                      00038 ;                                                                              *
                      00039 ;*******************************************************************************
                      00040 ;                                                                              *
                      00041 ;    Notes: In the MPLAB X Help, refer to the MPASM Assembler documentation    *
                      00042 ;    for information on assembly instructions.                                 *
                      00043 ;                                                                              *
                      00044 ;*******************************************************************************
                      00045 ;                                                                              *
                      00046 ;    Known Issues: This template is designed for relocatable code.  As such,   *
                      00047 ;    build errors such as "Directive only allowed when generating an object    *
                      00048 ;    file" will result when the 'Build in Absolute Mode' checkbox is selected  *
                      00049 ;    in the project properties.  Designing code in absolute mode is            *
                      00050 ;    antiquated - use relocatable mode.                                        *
                      00051 ;                                                                              *
                      00052 ;*******************************************************************************
                      00053 ;                                                                              *
MPASM 5.87                      MAIN_TD2.ASM   11-28-2023  11:33:32         PAGE  2


LOC  OBJECT CODE     LINE SOURCE TEXT
  VALUE

                      00054 ;    Revision History:                                                         *
                      00055 ;                                                                              *
                      00056 ;*******************************************************************************
                      00057 
                      00058 
                      00059 
                      00060 ;*******************************************************************************
                      00061 ; Processor Inclusion
                      00062 ;
                      00063 ; TODO Step #1 Open the task list under Window > Tasks.  Include your
                      00064 ; device .inc file - e.g. #include <device_name>.inc.  Available
                      00065 ; include files are in C:\Program Files\Microchip\MPLABX\mpasmx
                      00066 ; assuming the default installation path for MPLAB X.  You may manually find
                      00067 ; the appropriate include file for your device here and include it, or
                      00068 ; simply copy the include generated by the configuration bits
                      00069 ; generator (see Step #2).
                      00070 ;
                      00071 ;*******************************************************************************
                      00072 
                      00073 ; TODO INSERT INCLUDE CODE HERE
                      00074 #include "p18F45K20.inc"
                      00001         LIST
                      00002 
                      00003 ;==========================================================================
                      00004 ; Build date : Jan 06 2020
                      00005 ;  MPASM PIC18F45K20 processor include
                      00006 ; 
                      00007 ;  (c) Copyright 1999-2020 Microchip Technology, All rights reserved
                      00008 ;==========================================================================
                      00009 
                      01570         LIST
                      00075 
                      00076 ;*******************************************************************************
                      00077 ;
                      00078 ; TODO Step #2 - Configuration Word Setup
                      00079 ;
                      00080 ; The 'CONFIG' directive is used to embed the configuration word within the
                      00081 ; .asm file. MPLAB X requires users to embed their configuration words
                      00082 ; into source code.  See the device datasheet for additional information
                      00083 ; on configuration word settings.  Device configuration bits descriptions
                      00084 ; are in C:\Program Files\Microchip\MPLABX\mpasmx\P<device_name>.inc
                      00085 ; (may change depending on your MPLAB X installation directory).
                      00086 ;
                      00087 ; MPLAB X has a feature which generates configuration bits source code.  Go to
                      00088 ; Window > PIC Memory Views > Configuration Bits.  Configure each field as
                      00089 ; needed and select 'Generate Source Code to Output'.  The resulting code which
                      00090 ; appears in the 'Output Window' > 'Config Bits Source' tab may be copied
                      00091 ; below.
                      00092 ;
                      00093 ;*******************************************************************************
                      00094 
                      00095 ; TODO INSERT CONFIG HERE
                      00096 
MPASM 5.87                      MAIN_TD2.ASM   11-28-2023  11:33:32         PAGE  3


LOC  OBJECT CODE     LINE SOURCE TEXT
  VALUE

                      00097 ;*******************************************************************************
                      00098 ;
                      00099 ; TODO Step #3 - Variable Definitions
                      00100 ;
                      00101 ; Refer to datasheet for available data memory (RAM) organization assuming
                      00102 ; relocatible code organization (which is an option in project
                      00103 ; properties > mpasm (Global Options)).  Absolute mode generally should
                      00104 ; be used sparingly.
                      00105 ;
                      00106 ; Example of using GPR Uninitialized Data
                      00107 ;
                      00108 ;   GPR_VAR        UDATA
                      00109 ;   MYVAR1         RES        1      ; User variable linker places
                      00110 ;   MYVAR2         RES        1      ; User variable linker places
                      00111 ;   MYVAR3         RES        1      ; User variable linker places
                      00112 ;
                      00113 ;   ; Example of using Access Uninitialized Data Section (when available)
                      00114 ;   ; The variables for the context saving in the device datasheet may need
                      00115 ;   ; memory reserved here.
                      00116 ;   INT_VAR        UDATA_ACS
                      00117 ;   W_TEMP         RES        1      ; w register for context saving (ACCESS)
                      00118 ;   STATUS_TEMP    RES        1      ; status used for context saving
                      00119 ;   BSR_TEMP       RES        1      ; bank select used for ISR context saving
                      00120 ;
                      00121 ;*******************************************************************************
                      00122 
                      00123 ; TODO PLACE VARIABLE DEFINITIONS GO HERE
                      00124 
                      00125 varAccess   UDATA_ACS
Warning[207]: Found label after column 1. (lenght)
000000                00126    lenght               RES     1           ; 9
                      00127     
                      00128 varBank1        UDATA   0x100
Warning[207]: Found label after column 1. (password)
000100                00129    password     RES     10                  ; 813nv3nu3
                      00130         
                      00131 varBank2        UDATA   0x200               
Warning[207]: Found label after column 1. (lenght_crypt)
000200                00132    lenght_crypt RES     1                   ; 9
Warning[207]: Found label after column 1. (pwd_crypt)
000201                00133    pwd_crypt    RES     11                  ; mdf;#f; f
                      00134         
                      00135 varBank3        UDATA   0x300   
000300                00136 lenght_crypt_inv    RES 1                   ; 9
000301                00137 pwd_crypt_inv   RES     11                  ; 
                      00138 
                      00139 ;*******************************************************************************
                      00140 ; Reset Vector
                      00141 ;*******************************************************************************
                      00142 
                      00143 RES_VECT  CODE    0x0000            ; processor reset vector
000000 EF?? F???      00144     GOTO    DEBUT                   ; go to beginning of program
                      00145 
MPASM 5.87                      MAIN_TD2.ASM   11-28-2023  11:33:32         PAGE  4


LOC  OBJECT CODE     LINE SOURCE TEXT
  VALUE

                      00146 ;*******************************************************************************
                      00147 ; TODO Step #4 - Interrupt Service Routines
                      00148 ;
                      00149 ; There are a few different ways to structure interrupt routines in the 8
                      00150 ; bit device families.  On PIC18's the high priority and low priority
                      00151 ; interrupts are located at 0x0008 and 0x0018, respectively.  On PIC16's and
                      00152 ; lower the interrupt is at 0x0004.  Between device families there is subtle
                      00153 ; variation in the both the hardware supporting the ISR (for restoring
                      00154 ; interrupt context) as well as the software used to restore the context
                      00155 ; (without corrupting the STATUS bits).
                      00156 ;
                      00157 ; General formats are shown below in relocatible format.
                      00158 ;
                      00159 ;------------------------------PIC16's and below--------------------------------
                      00160 ;
                      00161 ; ISR       CODE    0x0004           ; interrupt vector location
                      00162 ;
                      00163 ;     <Search the device datasheet for 'context' and copy interrupt
                      00164 ;     context saving code here.  Older devices need context saving code,
                      00165 ;     but newer devices like the 16F#### don't need context saving code.>
                      00166 ;
                      00167 ;     RETFIE
                      00168 ;
                      00169 ;----------------------------------PIC18's--------------------------------------
                      00170 ;
                      00171 ; ISRHV     CODE    0x0008
                      00172 ;     GOTO    HIGH_ISR
                      00173 ; ISRLV     CODE    0x0018
                      00174 ;     GOTO    LOW_ISR
                      00175 ;
                      00176 ; ISRH      CODE                     ; let linker place high ISR routine
                      00177 ; HIGH_ISR
                      00178 ;     <Insert High Priority ISR Here - no SW context saving>
                      00179 ;     RETFIE  FAST
                      00180 ;
                      00181 ; ISRL      CODE                     ; let linker place low ISR routine
                      00182 ; LOW_ISR
                      00183 ;       <Search the device datasheet for 'context' and copy interrupt
                      00184 ;       context saving code here>
                      00185 ;     RETFIE
                      00186 ;
                      00187 ;*******************************************************************************
                      00188 
                      00189 ; TODO INSERT ISR HERE
                      00190 
                      00191 ;*******************************************************************************
                      00192 ; MAIN PROGRAM
                      00193 ;*******************************************************************************
                      00194 
                      00195 MAIN_PROG CODE                      ; let linker place main program
                      00196 
                      00197  
                      00198  ; Routine de calcul de la longueur de pwd
MPASM 5.87                      MAIN_TD2.ASM   11-28-2023  11:33:32         PAGE  5


LOC  OBJECT CODE     LINE SOURCE TEXT
  VALUE

000000                00199 calcul_longueur
000000 0E01           00200     movlw   0x01                    ; Charger littéralement 1 dans le registre de travail
000002 6EEA           00201     movwf   FSR0H, ACCESS           ; Charger WREG dans FSR0H pour l'innitialisé sur la banque 1
000004 6AE9           00202     clrf    FSR0L, ACCESS           ; Reset FSR0L à 0 pour sélectionner la case 0
                      00203     
000006 6A00           00204     clrf    lenght, ACCESS          ; Reset lenght à 0
000008                00205 loop_calcul_longueur
000008 50EE           00206     movf    POSTINC0, W             ; Charger l'adresse de POSTINC0 dans WREG puis incrémenter le FSR0
00000A E0??           00207     bz      fin_calcul_longueur     ; Si ZERO dans le registre STATUS = 1 alors jump sur ""
00000C 2A00           00208     incf    lenght, F, ACCESS       ; lenght = lenght + 1
00000E EF?? F???      00209     goto    loop_calcul_longueur    ; jump to ""
000012                00210 fin_calcul_longueur
000012 0012           00211     return                          ; retourne à l'adresse de fin de routine
                      00212 
                      00213 ; Routine de calcul de la longueur de pwd crypté
000014                00214 calcul_longueur_crypt
000014 0E02           00215     movlw   0x02                        ; Charger littéralement 2 dans le registre de travail
000016 6EE2           00216     movwf   FSR1H, ACCESS               ; Charger WREG dans FSR1H pour l'innitialisé sur la banque 2
000018 0E01           00217     movlw   0x01                        ; Charger littéralement 1 dans le registre de travail
00001A 6EE1           00218     movwf   FSR1L, ACCESS               ; Charger WREG dans FSR1L pour sélectionner la case 1
                      00219     
00001C 6B00           00220     clrf    lenght_crypt, 1             ; Reset lenght_crypt à 0
00001E                00221 loop_calcul_longueur_crypt
00001E 50E6           00222     movf    POSTINC1, W                 ; Charger l'adresse de POSTINC1 dans WREG puis incrémenter l'adr
                            esse du FSR1
000020 E0??           00223     bz      fin_calcul_longueur_crypt   ; Si ZERO dans le registre STATUS = 1 alors jump sur ""
000022 2B00           00224     incf    lenght_crypt, F, 1          ; lenght_crypt = lenght_crypt + 1
000024 EF?? F???      00225     goto    loop_calcul_longueur_crypt  ; jump to ""
000028                00226 fin_calcul_longueur_crypt
000028 0012           00227     return                              ; retourne à l'adresse de fin de routine
                      00228     
                      00229 ; Boucle de chiffrement de pwd dans la banque 2
00002A                00230 change_crypt
00002A 50EE           00231     movf    POSTINC0, W             ; Charger l'adresse de POSTINC0 dans WREG puis incrémenter l'adresse
                             du FSR0
00002C 6EE7           00232     movwf   INDF1, ACCESS           ; Charger WREG dans l'adresse du FRS1
00002E 7CE7           00233     btg     INDF1, 6, ACCESS        ; inverser le bit 6 de l'adresse du FRS1
000030 78E7           00234     btg     INDF1, 4, ACCESS        ; inverser le bit 4 de l'adresse du FRS1
000032 74E7           00235     btg     INDF1, 2, ACCESS        ; inverser le bit 2 de l'adresse du FRS1
000034 70E6           00236     btg     POSTINC1, 0, ACCESS     ; inverser le bit 0 de l'adresse du FRS1 puis incrémenter l'adresse 
                            du FRS1
                      00237     
000036 0700           00238     decf    lenght_crypt, f, 1      ; lenght_crypt = lenght_crypt - 1 
                      00239     
000038 EF?? F???      00240     goto    loop_crypt              ; jump to ""
                      00241     
                      00242     
                      00243 ; Routine de cryptage 
00003C                00244 cryptage
00003C 0E01           00245     movlw   0x01                    ; Charger littéralement 1 dans le registre de travail
00003E 6EEA           00246     movwf   FSR0H, ACCESS           ; Charger WREG dans FSR0H pour l'innitialisé sur la banque 1
000040 6AE9           00247     clrf    FSR0L, ACCESS           ; Reset FSR0L à 0 pour sélectionner la case 0
                      00248     
MPASM 5.87                      MAIN_TD2.ASM   11-28-2023  11:33:32         PAGE  6


LOC  OBJECT CODE     LINE SOURCE TEXT
  VALUE

000042 0E02           00249     movlw   0x02                    ; Charger littéralement 2 dans le registre de travail
000044 6EE2           00250     movwf   FSR1H, ACCESS           ; Charger WREG dans FSR1H pour l'innitialisé sur la banque 2
000046 0E01           00251     movlw   0x01                    ; Charger littéralement 1 dans le registre de travail
000048 6EE1           00252     movwf   FSR1L, ACCESS           ; Charger WREG dans FSR1L pour sélectionner la case 1
                      00253     
00004A 50??           00254     movf    lenght, W               ; Charger lenght dans le registre de travail
00004C 0102           00255     MOVLB   0x02                    ; Changer le BSR pour sélectionner la banque 2
00004E 6F00           00256     movwf    lenght_crypt, 1        ; Charger WREG dans lenght_crypt
000050                00257 loop_crypt   
000050 0E00           00258     movlw   0x00                    ; Charger littéralement 0 dans le registre de travail
000052 6300           00259     CPFSEQ  lenght_crypt, 1         ; Si lenght_crypt = 0 alors skip la prochaine instruction
000054 EF?? F???      00260     goto    change_crypt            ; jump to ""
000058 0E00           00261     movlw   0x00                    ; Charger littéralement 0 dans le registre de travail
00005A 6EE7           00262     movwf   INDF1, ACCESS           ; Charger WREG dans l'adresse de INDF1 pour ajouter le caractère de 
                            fin de chaîne
00005C                00263 fin_cryptage
00005C 0012           00264     return                          ; retourner vers l'adresse de fin de routine
                      00265 
                      00266 ; Boucle d'inversion des caractère   
00005E                00267 inv_crypt
00005E 51E5           00268     movf    POSTDEC1, W, 1          ; Charger FRS1 dans WREG puis décrémenter l'adresse de FSR1
000060 6FEE           00269     movwf   POSTINC0, 1             ; Charger WREG dans FSR0 puis incrémenter l'adresse de FSR0
                      00270     
000062 0700           00271     decf    lenght_crypt_inv, F, 1  ; lenght_crypt_inv = lenght_crypt_inv - 1
                      00272     
000064 EF?? F???      00273     goto    loop_inv_pwd            ; jump to ""
                      00274 ; Routine d'inversion de sens du pwd
000068                00275 inv_pwd_crypt
000068 0E02           00276     movlw   0x02                    ; Charger littéralement 2 dans le registre de travail
00006A 6EE2           00277     movwf   FSR1H, ACCESS           ; Charger WREG dans FSR1H pour l'innitialisé sur la banque 2
00006C 50??           00278     movf    lenght_crypt+1, W       ; Charger lenght_crypt + 1 dans le registre de travail
00006E 6EE1           00279     movwf   FSR1L, ACCESS           ; Charger WREG dans FSR1L pour sélectionner la case 09
                      00280     
000070 0E03           00281     movlw   0x03                    ; Charger littéralement 3 dans le registre de travail
000072 6EEA           00282     movwf   FSR0H, ACCESS           ; Charger WREG dans FSR0H pour l'innitialisé sur la banque 3
000074 0E01           00283     movlw   0x01                    ; Charger littéralement 1 dans le registre de travail
000076 6EE9           00284     movwf   FSR0L, ACCESS           ; Charger WREG dans FSR0L pour sélectionner la case 1
                      00285     
000078 50??           00286     movf    lenght_crypt, W         ; Charger lenght_crypt dans le registre de travail
00007A 0103           00287     MOVLB   0x03                    ; Changer le BSR pour sélectionner la banque 3
00007C 6F00           00288     movwf   lenght_crypt_inv, 1     ; Charger WREG dans lenght_crypt_inv
00007E                00289 loop_inv_pwd
00007E 0E00           00290     movlw   0x00                    ; Charger littéralement 0 dans le registre de travail
000080 6300           00291     CPFSEQ  lenght_crypt, 1         ; Si lenght_crypt = 0 alors skip la prochaine instruction
000082 EF?? F???      00292     goto    inv_crypt               ; jump to ""
000086 0E00           00293     movlw   0x00                    ; Charger littéralement 0 dans le registre de travail
000088 6EEF           00294     movwf   INDF0, ACCESS           ; Charger WREG dans l'adresse de INDF0 pour ajouter le caractère de 
                            fin de chaîne
00008A                00295 fin_inv_pwd_crypt
00008A 0012           00296     return
                      00297     
00008C                00298 DEBUT
                      00299 
MPASM 5.87                      MAIN_TD2.ASM   11-28-2023  11:33:32         PAGE  7


LOC  OBJECT CODE     LINE SOURCE TEXT
  VALUE

                      00300     ; TODO Step #5 - Insert Your Program Here
                      00301     
                      00302     
                      00303     ; 1.0 Écriture dans la RAM du code d?accès JUNIA_STUDENTS
00008C 0101           00304     MOVLB   0x01                    ; choisir la banque 1
                      00305    
00008E 0E01           00306     MOVLW   0x01                    ; Charger l'addresse de la banque de password dans WREG (ici banque 
                            = 1)
000090 6EEA           00307     MOVWF   FSR0H                   ; Mettre la valeur de WREG dans le registre FSRHigh
000092 6AE9           00308     CLRF    FSR0L                   ; reset la valeur de FSRLow à 0 pour sélectionner l'addresse de pass
                            word
                      00309     
                      00310     ; 813nv3nu3
                      00311     ; Écrire la valeur A'8' à l'emplacement mémoire pointé par FSR
000094 0E38           00312     MOVLW   A'8'                    ; Charger la valeur A'8' dans WREG
                      00313     ; POSTINC0 écrit la valeur de WREG à l'emplacement mémoire pointé par FSR puis ajoute 1 au FRS
000096 6EEE           00314     MOVWF   POSTINC0                ; Écrire la valeur de WREG à l'emplacement mémoire pointé par FSR
                      00315     
000098 0E31           00316     MOVLW   A'1'                    ; Charger la valeur A'1' dans WREG
00009A 6EEE           00317     MOVWF   POSTINC0                ; Écrire la valeur de WREG à l'emplacement mémoire pointé par FSR
00009C 0E33           00318     MOVLW   A'3'                    ; Charger la valeur A'1' dans WREG
00009E 6EEE           00319     MOVWF   POSTINC0                ; Écrire la valeur de WREG à l'emplacement mémoire pointé par FSR
0000A0 0E6E           00320     MOVLW   A'n'                    ; Charger la valeur A'1' dans WREG
0000A2 6EEE           00321     MOVWF   POSTINC0                ; Écrire la valeur de WREG à l'emplacement mémoire pointé par FSR
0000A4 0E76           00322     MOVLW   A'v'                    ; Charger la valeur A'1' dans WREG
0000A6 6EEE           00323     MOVWF   POSTINC0                ; Écrire la valeur de WREG à l'emplacement mémoire pointé par FSR
0000A8 0E33           00324     MOVLW   A'3'                    ; Charger la valeur A'1' dans WREG
0000AA 6EEE           00325     MOVWF   POSTINC0                ; Écrire la valeur de WREG à l'emplacement mémoire pointé par FSR
0000AC 0E6E           00326     MOVLW   A'n'                    ; Charger la valeur A'1' dans WREG
0000AE 6EEE           00327     MOVWF   POSTINC0                ; Écrire la valeur de WREG à l'emplacement mémoire pointé par FSR
0000B0 0E75           00328     MOVLW   A'u'                    ; Charger la valeur A'1' dans WREG
0000B2 6EEE           00329     MOVWF   POSTINC0                ; Écrire la valeur de WREG à l'emplacement mémoire pointé par FSR
0000B4 0E33           00330     MOVLW   A'3'                    ; Charger la valeur A'1' dans WREG
0000B6 6EEE           00331     MOVWF   POSTINC0                ; Écrire la valeur de WREG à l'emplacement mémoire pointé par FSR3
0000B8 0E00           00332     MOVLW   0x00                    ; Charger la valeur 0x00 dans WREG
0000BA 6EEE           00333     MOVWF   POSTINC0                ; Écrire la valeur de WREG à l'emplacement mémoire pointé par FSR3
                      00334     
                      00335     
                      00336     ; 2.0 Calcul de la longueur de la chaîne
                      00337     
0000BC EC?? F???      00338     call    calcul_longueur
                      00339     
                      00340     ; 3.0 Cryptage du code
                      00341     
0000C0 EC?? F???      00342     call    cryptage
0000C4 EC?? F???      00343     call    calcul_longueur_crypt
                      00344     
                      00345     ; 4.0 Cryptage du code crypté
                      00346     
0000C8 EC?? F???      00347     call    inv_pwd_crypt
                      00348     
0000CC EF?? F???      00349     GOTO $                          ; loop forever
                      00350 
MPASM 5.87                      MAIN_TD2.ASM   11-28-2023  11:33:32         PAGE  8


LOC  OBJECT CODE     LINE SOURCE TEXT
  VALUE

                      00351     END
MPASM 5.87                      MAIN_TD2.ASM   11-28-2023  11:33:32         PAGE  9


SYMBOL TABLE
  LABEL                             VALUE 

A                                 00000000
ABDEN                             00000000
ABDOVF                            00000007
ACCESS                            00000000
ACKDT                             00000005
ACKEN                             00000004
ACKSTAT                           00000006
ACQT0                             00000003
ACQT1                             00000004
ACQT2                             00000005
ADCON0                            00000FC2
ADCON1                            00000FC1
ADCON2                            00000FC0
ADCS0                             00000000
ADCS1                             00000001
ADCS2                             00000002
ADDEN                             00000003
ADEN                              00000003
ADFM                              00000007
ADIE                              00000006
ADIF                              00000006
ADIP                              00000006
ADON                              00000000
ADRES                             00000FC3
ADRESH                            00000FC4
ADRESL                            00000FC3
AN0                               00000000
AN1                               00000001
AN10                              00000001
AN11                              00000004
AN12                              00000000
AN2                               00000002
AN3                               00000003
AN4                               00000005
AN5                               00000000
AN6                               00000001
AN7                               00000002
AN8                               00000002
AN9                               00000003
ANS0                              00000000
ANS1                              00000001
ANS10                             00000002
ANS11                             00000003
ANS12                             00000004
ANS2                              00000002
ANS3                              00000003
ANS4                              00000004
ANS5                              00000005
ANS6                              00000006
ANS7                              00000007
ANS8                              00000000
ANS9                              00000001
ANSEL                             00000F7E
MPASM 5.87                      MAIN_TD2.ASM   11-28-2023  11:33:32         PAGE 10


SYMBOL TABLE
  LABEL                             VALUE 

ANSELH                            00000F7F
BANKED                            00000001
BAUDCON                           00000FB8
BAUDCTL                           00000FB8
BCLIE                             00000003
BCLIF                             00000003
BCLIP                             00000003
BF                                00000000
BGST                              00000005
BOR                               00000000
BRG16                             00000003
BRGH                              00000002
BSR                               00000FE0
C                                 00000000
C12IN0M                           00000000
C12IN0N                           00000000
C12IN1M                           00000001
C12IN1N                           00000001
C12IN2M                           00000003
C12IN2N                           00000003
C12IN3M                           00000001
C12IN3N                           00000001
C1CH0                             00000000
C1CH1                             00000001
C1IE                              00000006
C1IF                              00000006
C1INP                             00000003
C1IP                              00000006
C1OE                              00000005
C1ON                              00000007
C1OUT_CM1CON0                     00000006
C1OUT_PORTA                       00000004
C1POL                             00000004
C1R                               00000002
C1RSEL                            00000005
C1SP                              00000003
C2CH0                             00000000
C2CH1                             00000001
C2IE                              00000005
C2IF                              00000005
C2INP                             00000002
C2IP                              00000005
C2OE                              00000005
C2ON                              00000007
C2OUT_CM2CON0                     00000006
C2OUT_PORTA                       00000005
C2POL                             00000004
C2R                               00000002
C2RSEL                            00000004
C2SP                              00000003
CCP1                              00000002
CCP1CON                           00000FBD
CCP1IE                            00000002
MPASM 5.87                      MAIN_TD2.ASM   11-28-2023  11:33:32         PAGE 11


SYMBOL TABLE
  LABEL                             VALUE 

CCP1IF                            00000002
CCP1IP                            00000002
CCP1M0                            00000000
CCP1M1                            00000001
CCP1M2                            00000002
CCP1M3                            00000003
CCP2CON                           00000FBA
CCP2IE                            00000000
CCP2IF                            00000000
CCP2IP                            00000000
CCP2M0                            00000000
CCP2M1                            00000001
CCP2M2                            00000002
CCP2M3                            00000003
CCP2_PORTB                        00000003
CCP2_PORTC                        00000001
CCPR1                             00000FBE
CCPR1H                            00000FBF
CCPR1L                            00000FBE
CCPR2                             00000FBB
CCPR2H                            00000FBC
CCPR2L                            00000FBB
CFGS                              00000006
CHS0                              00000002
CHS1                              00000003
CHS2                              00000004
CHS3                              00000005
CK                                00000006
CKE                               00000006
CKP                               00000004
CKTXP                             00000004
CM1CON0                           00000F7B
CM2CON0                           00000F7A
CM2CON1                           00000F79
CREN                              00000004
CS                                00000002
CSRC                              00000007
CVR0                              00000000
CVR1                              00000001
CVR2                              00000002
CVR3                              00000003
CVRCON                            00000FB5
CVRCON2                           00000FB4
CVREF                             00000002
CVREN                             00000007
CVROE                             00000006
CVRR                              00000005
CVRSS                             00000004
D                                 00000005
DC                                00000001
DC1B0                             00000004
DC1B1                             00000005
DC2B0                             00000004
MPASM 5.87                      MAIN_TD2.ASM   11-28-2023  11:33:32         PAGE 12


SYMBOL TABLE
  LABEL                             VALUE 

DC2B1                             00000005
DDRA                              TRISA
DDRB                              TRISB
DDRC                              TRISC
DDRD                              TRISD
DDRE                              TRISE
DEBUT                             0000008C
DONE                              00000001
DTRXP                             00000005
D_A                               00000005
D_NOT_A                           00000005
ECCP1AS                           00000FB6
ECCPAS0                           00000004
ECCPAS1                           00000005
ECCPAS2                           00000006
ECCPASE                           00000007
EEADR                             00000FA9
EEADR0                            00000000
EEADR1                            00000001
EEADR2                            00000002
EEADR3                            00000003
EEADR4                            00000004
EEADR5                            00000005
EEADR6                            00000006
EEADR7                            00000007
EECON1                            00000FA6
EECON2                            00000FA7
EEDATA                            00000FA8
EEIE                              00000004
EEIF                              00000004
EEIP                              00000004
EEPGD                             00000007
FAST                              00000001
FERR                              00000002
FLT0                              00000000
FREE                              00000004
FSR0                              00000000
FSR0H                             00000FEA
FSR0L                             00000FE9
FSR1                              00000001
FSR1H                             00000FE2
FSR1L                             00000FE1
FSR2                              00000002
FSR2H                             00000FDA
FSR2L                             00000FD9
FVREN                             00000007
FVRST                             00000006
GCEN                              00000007
GIE                               00000007
GIEH                              00000007
GIEL                              00000006
GIE_GIEH                          00000007
GO                                00000001
MPASM 5.87                      MAIN_TD2.ASM   11-28-2023  11:33:32         PAGE 13


SYMBOL TABLE
  LABEL                             VALUE 

GO_DONE                           00000001
GO_NOT_DONE                       00000001
HLVDCON                           00000FD2
HLVDEN                            00000004
HLVDIE                            00000002
HLVDIF                            00000002
HLVDIN                            00000005
HLVDIP                            00000002
HLVDL0                            00000000
HLVDL1                            00000001
HLVDL2                            00000002
HLVDL3                            00000003
IBF                               00000007
IBOV                              00000005
IDLEN                             00000007
INDF0                             00000FEF
INDF1                             00000FE7
INDF2                             00000FDF
INT0                              00000000
INT0E                             00000004
INT0F                             00000001
INT0IE                            00000004
INT0IF                            00000001
INT1                              00000001
INT1E                             00000003
INT1F                             00000000
INT1IE                            00000003
INT1IF                            00000000
INT1IP                            00000006
INT1P                             00000006
INT2                              00000002
INT2E                             00000004
INT2F                             00000001
INT2IE                            00000004
INT2IF                            00000001
INT2IP                            00000007
INT2P                             00000007
INTCON                            00000FF2
INTCON2                           00000FF1
INTCON3                           00000FF0
INTEDG0                           00000006
INTEDG1                           00000005
INTEDG2                           00000004
INTSRC                            00000007
IOCB                              00000F7D
IOCB4                             00000004
IOCB5                             00000005
IOCB6                             00000006
IOCB7                             00000007
IOFS                              00000002
IPEN                              00000007
IPR1                              00000F9F
IPR2                              00000FA2
MPASM 5.87                      MAIN_TD2.ASM   11-28-2023  11:33:32         PAGE 14


SYMBOL TABLE
  LABEL                             VALUE 

IRCF0                             00000004
IRCF1                             00000005
IRCF2                             00000006
IRVST                             00000005
IVRST                             00000005
KBI0                              00000004
KBI1                              00000005
KBI2                              00000006
KBI3                              00000007
LATA                              00000F89
LATA0                             00000000
LATA1                             00000001
LATA2                             00000002
LATA3                             00000003
LATA4                             00000004
LATA5                             00000005
LATA6                             00000006
LATA7                             00000007
LATB                              00000F8A
LATB0                             00000000
LATB1                             00000001
LATB2                             00000002
LATB3                             00000003
LATB4                             00000004
LATB5                             00000005
LATB6                             00000006
LATB7                             00000007
LATC                              00000F8B
LATC0                             00000000
LATC1                             00000001
LATC2                             00000002
LATC3                             00000003
LATC4                             00000004
LATC5                             00000005
LATC6                             00000006
LATC7                             00000007
LATD                              00000F8C
LATD0                             00000000
LATD1                             00000001
LATD2                             00000002
LATD3                             00000003
LATD4                             00000004
LATD5                             00000005
LATD6                             00000006
LATD7                             00000007
LATE                              00000F8D
LATE0                             00000000
LATE1                             00000001
LATE2                             00000002
LVDCON                            00000FD2
LVDEN                             00000004
LVDIE                             00000002
LVDIF                             00000002
MPASM 5.87                      MAIN_TD2.ASM   11-28-2023  11:33:32         PAGE 15


SYMBOL TABLE
  LABEL                             VALUE 

LVDIN                             00000005
LVDIP                             00000002
LVDL0                             00000000
LVDL1                             00000001
LVDL2                             00000002
LVDL3                             00000003
LVV0                              00000000
LVV1                              00000001
LVV2                              00000002
LVV3                              00000003
MC1OUT                            00000007
MC2OUT                            00000006
MCLR                              00000003
MSK0                              00000000
MSK1                              00000001
MSK2                              00000002
MSK3                              00000003
MSK4                              00000004
MSK5                              00000005
MSK6                              00000006
MSK7                              00000007
N                                 00000004
NOT_A                             00000005
NOT_ADDRESS                       00000005
NOT_BOR                           00000000
NOT_CS                            00000002
NOT_DONE                          00000001
NOT_MCLR                          00000003
NOT_PD                            00000002
NOT_POR                           00000001
NOT_RBPU                          00000007
NOT_RD                            00000000
NOT_RI                            00000004
NOT_SS                            00000005
NOT_T1SYNC                        00000002
NOT_T3SYNC                        00000002
NOT_TO                            00000003
NOT_W                             00000002
NOT_WR                            00000001
NOT_WRITE                         00000002
OBF                               00000006
OERR                              00000001
OSCCON                            00000FD3
OSCFIE                            00000007
OSCFIF                            00000007
OSCFIP                            00000007
OSCTUNE                           00000F9B
OSTS                              00000003
OV                                00000003
P                                 00000004
P1A                               00000002
P1B                               00000005
P1C                               00000006
MPASM 5.87                      MAIN_TD2.ASM   11-28-2023  11:33:32         PAGE 16


SYMBOL TABLE
  LABEL                             VALUE 

P1D                               00000007
P1M0                              00000006
P1M1                              00000007
PC                                00000FF9
PCL                               00000FF9
PCLATH                            00000FFA
PCLATU                            00000FFB
PD                                00000002
PDC0                              00000000
PDC1                              00000001
PDC2                              00000002
PDC3                              00000003
PDC4                              00000004
PDC5                              00000005
PDC6                              00000006
PEIE                              00000006
PEIE_GIEL                         00000006
PEN                               00000002
PGC                               00000006
PGD                               00000007
PGM                               00000005
PIE1                              00000F9D
PIE2                              00000FA0
PIR1                              00000F9E
PIR2                              00000FA1
PLLEN                             00000006
PLUSW0                            00000FEB
PLUSW1                            00000FE3
PLUSW2                            00000FDB
POR                               00000001
PORTA                             00000F80
PORTB                             00000F81
PORTC                             00000F82
PORTD                             00000F83
PORTE                             00000F84
POSTDEC0                          00000FED
POSTDEC1                          00000FE5
POSTDEC2                          00000FDD
POSTINC0                          00000FEE
POSTINC1                          00000FE6
POSTINC2                          00000FDE
PR2                               00000FCB
PREINC0                           00000FEC
PREINC1                           00000FE4
PREINC2                           00000FDC
PROD                              00000FF3
PRODH                             00000FF4
PRODL                             00000FF3
PRSEN                             00000007
PSA                               00000003
PSP0                              00000000
PSP1                              00000001
PSP2                              00000002
MPASM 5.87                      MAIN_TD2.ASM   11-28-2023  11:33:32         PAGE 17


SYMBOL TABLE
  LABEL                             VALUE 

PSP3                              00000003
PSP4                              00000004
PSP5                              00000005
PSP6                              00000006
PSP7                              00000007
PSPIE                             00000007
PSPIF                             00000007
PSPIP                             00000007
PSPMODE                           00000004
PSSAC0                            00000002
PSSAC1                            00000003
PSSBD0                            00000000
PSSBD1                            00000001
PSTRCON                           00000FB9
PWM1CON                           00000FB7
R                                 00000002
RA0                               00000000
RA1                               00000001
RA2                               00000002
RA3                               00000003
RA4                               00000004
RA5                               00000005
RA6                               00000006
RA7                               00000007
RB0                               00000000
RB1                               00000001
RB2                               00000002
RB3                               00000003
RB4                               00000004
RB5                               00000005
RB6                               00000006
RB7                               00000007
RBIE                              00000003
RBIF                              00000000
RBIP                              00000000
RBPU                              00000007
RC0                               00000000
RC1                               00000001
RC2                               00000002
RC3                               00000003
RC4                               00000004
RC5                               00000005
RC6                               00000006
RC7                               00000007
RCEN                              00000003
RCIDL                             00000006
RCIE                              00000005
RCIF                              00000005
RCIP                              00000005
RCON                              00000FD0
RCREG                             00000FAE
RCSTA                             00000FAB
RD                                00000000
MPASM 5.87                      MAIN_TD2.ASM   11-28-2023  11:33:32         PAGE 18


SYMBOL TABLE
  LABEL                             VALUE 

RD0                               00000000
RD1                               00000001
RD16                              00000007
RD2                               00000002
RD3                               00000003
RD4                               00000004
RD5                               00000005
RD6                               00000006
RD7                               00000007
RE0                               00000000
RE1                               00000001
RE2                               00000002
RE3                               00000003
RI                                00000004
RSEN                              00000001
RX                                00000007
RX9                               00000006
RX9D                              00000000
R_NOT_W                           00000002
R_W                               00000002
S                                 00000003
SBOREN                            00000006
SCK                               00000003
SCKP                              00000004
SCL                               00000003
SCS0                              00000000
SCS1                              00000001
SDA                               00000004
SDI                               00000004
SDO                               00000005
SEN                               00000000
SENDB                             00000003
SLRA                              00000000
SLRB                              00000001
SLRC                              00000002
SLRCON                            00000F78
SLRD                              00000003
SLRE                              00000004
SMP                               00000007
SP0                               00000000
SP1                               00000001
SP2                               00000002
SP3                               00000003
SP4                               00000004
SPBRG                             00000FAF
SPBRGH                            00000FB0
SPEN                              00000007
SREN                              00000005
SS                                00000005
SSPADD                            00000FC8
SSPBUF                            00000FC9
SSPCON1                           00000FC6
SSPCON2                           00000FC5
MPASM 5.87                      MAIN_TD2.ASM   11-28-2023  11:33:32         PAGE 19


SYMBOL TABLE
  LABEL                             VALUE 

SSPEN                             00000005
SSPIE                             00000003
SSPIF                             00000003
SSPIP                             00000003
SSPM0                             00000000
SSPM1                             00000001
SSPM2                             00000002
SSPM3                             00000003
SSPMSK                            00000F77
SSPOV                             00000006
SSPSTAT                           00000FC7
START                             00000003
STATUS                            00000FD8
STKFUL                            00000007
STKOVF                            00000007
STKPTR                            00000FFC
STKUNF                            00000006
STOP                              00000004
STRA                              00000000
STRB                              00000001
STRC                              00000002
STRD                              00000003
STRSYNC                           00000004
SWDTE                             00000000
SWDTEN                            00000000
SYNC                              00000004
T08BIT                            00000006
T0CKI                             00000004
T0CON                             00000FD5
T0CS                              00000005
T0IE                              00000005
T0IF                              00000002
T0PS0                             00000000
T0PS1                             00000001
T0PS2                             00000002
T0SE                              00000004
T13CKI                            00000000
T1CKI                             00000000
T1CKPS0                           00000004
T1CKPS1                           00000005
T1CON                             00000FCD
T1OSCEN                           00000003
T1OSI                             00000001
T1OSO                             00000000
T1RUN                             00000006
T1SYNC                            00000002
T2CKPS0                           00000000
T2CKPS1                           00000001
T2CON                             00000FCA
T2OUTPS0                          00000003
T2OUTPS1                          00000004
T2OUTPS2                          00000005
T2OUTPS3                          00000006
MPASM 5.87                      MAIN_TD2.ASM   11-28-2023  11:33:32         PAGE 20


SYMBOL TABLE
  LABEL                             VALUE 

T3CCP1                            00000003
T3CCP2                            00000006
T3CKI                             00000000
T3CKPS0                           00000004
T3CKPS1                           00000005
T3CON                             00000FB1
T3SYNC                            00000002
TABLAT                            00000FF5
TBLPTR                            00000FF6
TBLPTRH                           00000FF7
TBLPTRL                           00000FF6
TBLPTRU                           00000FF8
TMR0                              00000FD6
TMR0H                             00000FD7
TMR0IE                            00000005
TMR0IF                            00000002
TMR0IP                            00000002
TMR0L                             00000FD6
TMR0ON                            00000007
TMR1                              00000FCE
TMR1CS                            00000001
TMR1H                             00000FCF
TMR1IE                            00000000
TMR1IF                            00000000
TMR1IP                            00000000
TMR1L                             00000FCE
TMR1ON                            00000000
TMR2                              00000FCC
TMR2IE                            00000001
TMR2IF                            00000001
TMR2IP                            00000001
TMR2ON                            00000002
TMR3                              00000FB2
TMR3CS                            00000001
TMR3H                             00000FB3
TMR3IE                            00000001
TMR3IF                            00000001
TMR3IP                            00000001
TMR3L                             00000FB2
TMR3ON                            00000000
TO                                00000003
TOS                               00000FFD
TOSH                              00000FFE
TOSL                              00000FFD
TOSU                              00000FFF
TRISA                             00000F92
TRISA0                            00000000
TRISA1                            00000001
TRISA2                            00000002
TRISA3                            00000003
TRISA4                            00000004
TRISA5                            00000005
TRISA6                            00000006
MPASM 5.87                      MAIN_TD2.ASM   11-28-2023  11:33:32         PAGE 21


SYMBOL TABLE
  LABEL                             VALUE 

TRISA7                            00000007
TRISB                             00000F93
TRISB0                            00000000
TRISB1                            00000001
TRISB2                            00000002
TRISB3                            00000003
TRISB4                            00000004
TRISB5                            00000005
TRISB6                            00000006
TRISB7                            00000007
TRISC                             00000F94
TRISC0                            00000000
TRISC1                            00000001
TRISC2                            00000002
TRISC3                            00000003
TRISC4                            00000004
TRISC5                            00000005
TRISC6                            00000006
TRISC7                            00000007
TRISD                             00000F95
TRISD0                            00000000
TRISD1                            00000001
TRISD2                            00000002
TRISD3                            00000003
TRISD4                            00000004
TRISD5                            00000005
TRISD6                            00000006
TRISD7                            00000007
TRISE                             00000F96
TRISE0                            00000000
TRISE1                            00000001
TRISE2                            00000002
TRMT                              00000001
TUN0                              00000000
TUN1                              00000001
TUN2                              00000002
TUN3                              00000003
TUN4                              00000004
TUN5                              00000005
TX                                00000006
TX9                               00000006
TX9D                              00000000
TXEN                              00000005
TXIE                              00000004
TXIF                              00000004
TXIP                              00000004
TXREG                             00000FAD
TXSTA                             00000FAC
UA                                00000001
VCFG0                             00000004
VCFG1                             00000005
VDIRMAG                           00000007
VPP                               00000003
MPASM 5.87                      MAIN_TD2.ASM   11-28-2023  11:33:32         PAGE 22


SYMBOL TABLE
  LABEL                             VALUE 

VREFM                             00000002
VREFN                             00000002
VREFP                             00000003
W                                 00000000
WCOL                              00000007
WDTCON                            00000FD1
WPUB                              00000F7C
WPUB0                             00000000
WPUB1                             00000001
WPUB2                             00000002
WPUB3                             00000003
WPUB4                             00000004
WPUB5                             00000005
WPUB6                             00000006
WPUB7                             00000007
WR                                00000001
WREG                              00000FE8
WREN                              00000002
WRERR                             00000003
WUE                               00000001
Z                                 00000002
_BOREN_NOSLP_2L                   000000FD
_BOREN_OFF_2L                     000000F9
_BOREN_ON_2L                      000000FB
_BOREN_SBORDIS_2L                 000000FF
_BORV_18_2L                       000000FF
_BORV_22_2L                       000000F7
_BORV_27_2L                       000000EF
_BORV_30_2L                       000000E7
_CCP2MX_PORTBE_3H                 000000FE
_CCP2MX_PORTC_3H                  000000FF
_CONFIG1H                         00300001
_CONFIG2H                         00300003
_CONFIG2L                         00300002
_CONFIG3H                         00300005
_CONFIG4L                         00300006
_CONFIG5H                         00300009
_CONFIG5L                         00300008
_CONFIG6H                         0030000B
_CONFIG6L                         0030000A
_CONFIG7H                         0030000D
_CONFIG7L                         0030000C
_CP0_OFF_5L                       000000FF
_CP0_ON_5L                        000000FE
_CP1_OFF_5L                       000000FF
_CP1_ON_5L                        000000FD
_CP2_OFF_5L                       000000FF
_CP2_ON_5L                        000000FB
_CP3_OFF_5L                       000000FF
_CP3_ON_5L                        000000F7
_CPB_OFF_5H                       000000FF
_CPB_ON_5H                        000000BF
_CPD_OFF_5H                       000000FF
MPASM 5.87                      MAIN_TD2.ASM   11-28-2023  11:33:32         PAGE 23


SYMBOL TABLE
  LABEL                             VALUE 

_CPD_ON_5H                        0000007F
_DEBUG_OFF_4L                     000000FF
_DEBUG_ON_4L                      0000007F
_DEVID1                           003FFFFE
_DEVID2                           003FFFFF
_EBTR0_OFF_7L                     000000FF
_EBTR0_ON_7L                      000000FE
_EBTR1_OFF_7L                     000000FF
_EBTR1_ON_7L                      000000FD
_EBTR2_OFF_7L                     000000FF
_EBTR2_ON_7L                      000000FB
_EBTR3_OFF_7L                     000000FF
_EBTR3_ON_7L                      000000F7
_EBTRB_OFF_7H                     000000FF
_EBTRB_ON_7H                      000000BF
_FCMEN_OFF_1H                     000000BF
_FCMEN_ON_1H                      000000FF
_FOSC_ECIO6_1H                    000000F5
_FOSC_EC_1H                       000000F4
_FOSC_HSPLL_1H                    000000F6
_FOSC_HS_1H                       000000F2
_FOSC_INTIO67_1H                  000000F8
_FOSC_INTIO7_1H                   000000F9
_FOSC_LP_1H                       000000F0
_FOSC_RCIO6_1H                    000000F7
_FOSC_RC_1H                       000000F3
_FOSC_XT_1H                       000000F1
_HFOFST_OFF_3H                    000000F7
_HFOFST_ON_3H                     000000FF
_IDLOC0                           00200000
_IDLOC1                           00200001
_IDLOC2                           00200002
_IDLOC3                           00200003
_IDLOC4                           00200004
_IDLOC5                           00200005
_IDLOC6                           00200006
_IDLOC7                           00200007
_IESO_OFF_1H                      0000007F
_IESO_ON_1H                       000000FF
_LPT1OSC_OFF_3H                   000000FB
_LPT1OSC_ON_3H                    000000FF
_LVP_OFF_4L                       000000FB
_LVP_ON_4L                        000000FF
_MAIN_PROG_00CC                   000000CC
_MCLRE_OFF_3H                     0000007F
_MCLRE_ON_3H                      000000FF
_PBADEN_OFF_3H                    000000FD
_PBADEN_ON_3H                     000000FF
_PWRT_OFF_2L                      000000FF
_PWRT_ON_2L                       000000FE
_STVREN_OFF_4L                    000000FE
_STVREN_ON_4L                     000000FF
_WDTEN_OFF_2H                     000000FE
MPASM 5.87                      MAIN_TD2.ASM   11-28-2023  11:33:32         PAGE 24


SYMBOL TABLE
  LABEL                             VALUE 

_WDTEN_ON_2H                      000000FF
_WDTPS_1024_2H                    000000F5
_WDTPS_128_2H                     000000EF
_WDTPS_16384_2H                   000000FD
_WDTPS_16_2H                      000000E9
_WDTPS_1_2H                       000000E1
_WDTPS_2048_2H                    000000F7
_WDTPS_256_2H                     000000F1
_WDTPS_2_2H                       000000E3
_WDTPS_32768_2H                   000000FF
_WDTPS_32_2H                      000000EB
_WDTPS_4096_2H                    000000F9
_WDTPS_4_2H                       000000E5
_WDTPS_512_2H                     000000F3
_WDTPS_64_2H                      000000ED
_WDTPS_8192_2H                    000000FB
_WDTPS_8_2H                       000000E7
_WRT0_OFF_6L                      000000FF
_WRT0_ON_6L                       000000FE
_WRT1_OFF_6L                      000000FF
_WRT1_ON_6L                       000000FD
_WRT2_OFF_6L                      000000FF
_WRT2_ON_6L                       000000FB
_WRT3_OFF_6L                      000000FF
_WRT3_ON_6L                       000000F7
_WRTB_OFF_6H                      000000FF
_WRTB_ON_6H                       000000BF
_WRTC_OFF_6H                      000000FF
_WRTC_ON_6H                       000000DF
_WRTD_OFF_6H                      000000FF
_WRTD_ON_6H                       0000007F
_XINST_OFF_4L                     000000BF
_XINST_ON_4L                      000000FF
__18F45K20                        00000001
calcul_longueur                   00000000
calcul_longueur_crypt             00000014
change_crypt                      0000002A
cryptage                          0000003C
fin_calcul_longueur               00000012
fin_calcul_longueur_crypt         00000028
fin_cryptage                      0000005C
fin_inv_pwd_crypt                 0000008A
inv_crypt                         0000005E
inv_pwd_crypt                     00000068
lenght                            00000000
lenght_crypt                      00000200
lenght_crypt_inv                  00000300
loop_calcul_longueur              00000008
loop_calcul_longueur_crypt        0000001E
loop_crypt                        00000050
loop_inv_pwd                      0000007E
password                          00000100
pwd_crypt                         00000201
MPASM 5.87                      MAIN_TD2.ASM   11-28-2023  11:33:32         PAGE 25


SYMBOL TABLE
  LABEL                             VALUE 

pwd_crypt_inv                     00000301

Errors   :     0
Warnings :     4 reported,     0 suppressed
Messages :     0 reported,     0 suppressed

